\BOOKMARK [0][-]{chapter*.1}{Abstract}{}% 1
\BOOKMARK [0][-]{chapter*.2}{Acknowledgements}{}% 2
\BOOKMARK [0][-]{chapter*.3}{Declaration}{}% 3
\BOOKMARK [0][-]{chapter.1}{Introduction}{}% 4
\BOOKMARK [1][-]{section.1.1}{Background}{chapter.1}% 5
\BOOKMARK [1][-]{section.1.2}{About this Thesis}{chapter.1}% 6
\BOOKMARK [1][-]{section.1.3}{Conclusion}{chapter.1}% 7
\BOOKMARK [0][-]{chapter.2}{Background studies and objectives}{}% 8
\BOOKMARK [1][-]{section.2.1}{History And General Information}{chapter.2}% 9
\BOOKMARK [1][-]{section.2.2}{Objectives}{chapter.2}% 10
\BOOKMARK [2][-]{subsection.2.2.1}{Primary Objectives}{section.2.2}% 11
\BOOKMARK [2][-]{subsection.2.2.2}{Extended Objectives}{section.2.2}% 12
\BOOKMARK [1][-]{section.2.3}{Problem Specification}{chapter.2}% 13
\BOOKMARK [2][-]{subsection.2.3.1}{Limitations and Evaluations}{section.2.3}% 14
\BOOKMARK [1][-]{section.2.4}{Social, legal and ethical issues}{chapter.2}% 15
\BOOKMARK [0][-]{chapter.3}{Requirement Analysis}{}% 16
\BOOKMARK [1][-]{section.3.1}{Target Audience}{chapter.3}% 17
\BOOKMARK [1][-]{section.3.2}{Target Audience Questionnaire}{chapter.3}% 18
\BOOKMARK [1][-]{section.3.3}{Researching the Potential competitors}{chapter.3}% 19
\BOOKMARK [2][-]{subsection.3.3.1}{Sports news websites}{section.3.3}% 20
\BOOKMARK [3][-]{subsubsection.3.3.1.1}{BBC Sport Football}{subsection.3.3.1}% 21
\BOOKMARK [2][-]{subsection.3.3.2}{Football statistics websites}{section.3.3}% 22
\BOOKMARK [3][-]{subsubsection.3.3.2.1}{WhoScored}{subsection.3.3.2}% 23
\BOOKMARK [3][-]{subsubsection.3.3.2.2}{Squawka}{subsection.3.3.2}% 24
\BOOKMARK [2][-]{subsection.3.3.3}{Websites of betting providers}{section.3.3}% 25
\BOOKMARK [2][-]{subsection.3.3.4}{Communities}{section.3.3}% 26
\BOOKMARK [2][-]{subsection.3.3.5}{Black-box prediction applications}{section.3.3}% 27
\BOOKMARK [1][-]{section.3.4}{Requirement Analysis}{chapter.3}% 28
\BOOKMARK [2][-]{subsection.3.4.1}{Definitions}{section.3.4}% 29
\BOOKMARK [2][-]{subsection.3.4.2}{Functional Requirements}{section.3.4}% 30
\BOOKMARK [3][-]{subsubsection.3.4.2.1}{General Web Application Requirements }{subsection.3.4.2}% 31
\BOOKMARK [3][-]{subsubsection.3.4.2.2}{Matches Overview}{subsection.3.4.2}% 32
\BOOKMARK [3][-]{subsubsection.3.4.2.3}{Prediction}{subsection.3.4.2}% 33
\BOOKMARK [3][-]{subsubsection.3.4.2.4}{Upcoming Match View}{subsection.3.4.2}% 34
\BOOKMARK [3][-]{subsubsection.3.4.2.5}{Played Match View}{subsection.3.4.2}% 35
\BOOKMARK [3][-]{subsubsection.3.4.2.6}{Dashboard}{subsection.3.4.2}% 36
\BOOKMARK [2][-]{subsection.3.4.3}{Non-functional Requirements}{section.3.4}% 37
\BOOKMARK [3][-]{subsubsection.3.4.3.1}{Testability}{subsection.3.4.3}% 38
\BOOKMARK [3][-]{subsubsection.3.4.3.2}{Security}{subsection.3.4.3}% 39
\BOOKMARK [1][-]{section.3.5}{Overall Architecture}{chapter.3}% 40
\BOOKMARK [1][-]{section.3.6}{Choice of Third Parties API}{chapter.3}% 41
\BOOKMARK [1][-]{section.3.7}{Project Plan}{chapter.3}% 42
\BOOKMARK [1][-]{section.3.8}{Conclusion}{chapter.3}% 43
\BOOKMARK [0][-]{chapter.4}{Application Prototype}{}% 44
\BOOKMARK [1][-]{section.4.1}{Mind Map}{chapter.4}% 45
\BOOKMARK [1][-]{section.4.2}{Competitors}{chapter.4}% 46
\BOOKMARK [1][-]{section.4.3}{Wireframes}{chapter.4}% 47
\BOOKMARK [1][-]{section.4.4}{Visual Design: Branding, icons, Font}{chapter.4}% 48
\BOOKMARK [1][-]{section.4.5}{Use Cases}{chapter.4}% 49
\BOOKMARK [1][-]{section.4.6}{Database Design}{chapter.4}% 50
\BOOKMARK [2][-]{subsection.4.6.1}{Database Schema}{section.4.6}% 51
\BOOKMARK [2][-]{subsection.4.6.2}{Database Class Diagram}{section.4.6}% 52
\BOOKMARK [0][-]{chapter.5}{Implementation}{}% 53
\BOOKMARK [1][-]{section.5.1}{Choice of Technologies}{chapter.5}% 54
\BOOKMARK [2][-]{subsection.5.1.1}{Front End}{section.5.1}% 55
\BOOKMARK [2][-]{subsection.5.1.2}{Back End}{section.5.1}% 56
\BOOKMARK [1][-]{section.5.2}{Application Architecture}{chapter.5}% 57
\BOOKMARK [2][-]{subsection.5.2.1}{Version Control}{section.5.2}% 58
\BOOKMARK [2][-]{subsection.5.2.2}{Own Decorators}{section.5.2}% 59
\BOOKMARK [2][-]{subsection.5.2.3}{Custom Macros}{section.5.2}% 60
\BOOKMARK [2][-]{subsection.5.2.4}{Third Party API}{section.5.2}% 61
\BOOKMARK [1][-]{section.5.3}{Features Implementation}{chapter.5}% 62
\BOOKMARK [2][-]{subsection.5.3.1}{Authentication}{section.5.3}% 63
\BOOKMARK [2][-]{subsection.5.3.2}{Matches Overview}{section.5.3}% 64
\BOOKMARK [2][-]{subsection.5.3.3}{Prediction}{section.5.3}% 65
\BOOKMARK [2][-]{subsection.5.3.4}{Upcoming Match View}{section.5.3}% 66
\BOOKMARK [3][-]{subsubsection.5.3.4.1}{User journey}{subsection.5.3.4}% 67
\BOOKMARK [3][-]{subsubsection.5.3.4.2}{Possible Enchancement}{subsection.5.3.4}% 68
\BOOKMARK [1][-]{section.5.4}{Application Performance}{chapter.5}% 69
\BOOKMARK [1][-]{section.5.5}{Factory Pattern}{chapter.5}% 70
\BOOKMARK [1][-]{section.5.6}{Blueprints}{chapter.5}% 71
\BOOKMARK [1][-]{section.5.7}{Configuration}{chapter.5}% 72
\BOOKMARK [1][-]{section.5.8}{Database Migrations}{chapter.5}% 73
\BOOKMARK [1][-]{section.5.9}{RequireJS}{chapter.5}% 74
\BOOKMARK [2][-]{subsection.5.9.1}{Deploying the Application}{section.5.9}% 75
\BOOKMARK [1][-]{section.5.10}{Conclusions}{chapter.5}% 76
\BOOKMARK [0][-]{chapter.6}{Evaluation \046 Testing}{}% 77
\BOOKMARK [1][-]{section.6.1}{Conclusions}{chapter.6}% 78
\BOOKMARK [0][-]{chapter.7}{Conclusion}{}% 79
\BOOKMARK [1][-]{section.7.1}{Assessment of Success}{chapter.7}% 80
\BOOKMARK [1][-]{section.7.2}{Improvements and Future Work}{chapter.7}% 81
\BOOKMARK [0][-]{chapter.8}{Using LaTeX}{}% 82
\BOOKMARK [1][-]{section.8.1}{Structure of this Template}{chapter.8}% 83
\BOOKMARK [1][-]{section.8.2}{Using Figures}{chapter.8}% 84
\BOOKMARK [1][-]{section.8.3}{Referencing}{chapter.8}% 85
\BOOKMARK [1][-]{section.8.4}{Citing Bibliographic References}{chapter.8}% 86
\BOOKMARK [2][-]{subsection.8.4.1}{Compiling a BibTeX Database}{section.8.4}% 87
\BOOKMARK [2][-]{subsection.8.4.2}{The Vancouver Bibliography Style}{section.8.4}% 88
\BOOKMARK [1][-]{section.8.5}{Working with Tables}{chapter.8}% 89
\BOOKMARK [1][-]{section.8.6}{Inserting an Algorithm}{chapter.8}% 90
\BOOKMARK [1][-]{section.8.7}{Inserting Program Code Samples}{chapter.8}% 91
\BOOKMARK [1][-]{section.8.8}{Working with Maths}{chapter.8}% 92
\BOOKMARK [1][-]{section.8.9}{Required Software}{chapter.8}% 93
\BOOKMARK [1][-]{section.8.10}{Working with Quotes}{chapter.8}% 94
\BOOKMARK [1][-]{section.8.11}{Further Information}{chapter.8}% 95
\BOOKMARK [1][-]{section.8.12}{Conclusion}{chapter.8}% 96
\BOOKMARK [0][-]{appendix.A}{Wireframes}{}% 97
\BOOKMARK [0][-]{appendix.B}{Installation Instructions}{}% 98
\BOOKMARK [0][-]{appendix.C}{Project Specification}{}% 99
\BOOKMARK [1][-]{section.C.1}{Functional Requirements}{appendix.C}% 100
\BOOKMARK [1][-]{section.C.2}{Non-Functional Requirements}{appendix.C}% 101
\BOOKMARK [0][-]{appendix.D}{Project Management}{}% 102
\BOOKMARK [0][-]{appendix.E}{Another Appendix}{}% 103
\BOOKMARK [0][-]{appendix.F}{Implementation}{}% 104
\BOOKMARK [0][-]{appendix.G}{Project Log}{}% 105
