\BOOKMARK [0][-]{chapter*.1}{Abstract}{}% 1
\BOOKMARK [0][-]{chapter*.2}{Acknowledgements}{}% 2
\BOOKMARK [0][-]{chapter*.3}{Declaration}{}% 3
\BOOKMARK [0][-]{chapter.1}{Introduction}{}% 4
\BOOKMARK [1][-]{section.1.1}{Background}{chapter.1}% 5
\BOOKMARK [1][-]{section.1.2}{About this Thesis}{chapter.1}% 6
\BOOKMARK [1][-]{section.1.3}{Conclusion}{chapter.1}% 7
\BOOKMARK [0][-]{chapter.2}{Background studies and objectives}{}% 8
\BOOKMARK [1][-]{section.2.1}{History And General Information}{chapter.2}% 9
\BOOKMARK [1][-]{section.2.2}{Objectives}{chapter.2}% 10
\BOOKMARK [2][-]{subsection.2.2.1}{Primary Objectives}{section.2.2}% 11
\BOOKMARK [2][-]{subsection.2.2.2}{Extended Objectives}{section.2.2}% 12
\BOOKMARK [1][-]{section.2.3}{Problem Specification}{chapter.2}% 13
\BOOKMARK [2][-]{subsection.2.3.1}{Limitations and Evaluations}{section.2.3}% 14
\BOOKMARK [1][-]{section.2.4}{Social, legal and ethical issues}{chapter.2}% 15
\BOOKMARK [0][-]{chapter.3}{Requirement Analysis}{}% 16
\BOOKMARK [1][-]{section.3.1}{Target Audience}{chapter.3}% 17
\BOOKMARK [1][-]{section.3.2}{Target Audience Questionnaire}{chapter.3}% 18
\BOOKMARK [1][-]{section.3.3}{Researching the Potential competitors}{chapter.3}% 19
\BOOKMARK [1][-]{section.3.4}{Requirement Analysis}{chapter.3}% 20
\BOOKMARK [2][-]{subsection.3.4.1}{Functional Requirements}{section.3.4}% 21
\BOOKMARK [3][-]{subsubsection.3.4.1.1}{General Web Application Requirements }{subsection.3.4.1}% 22
\BOOKMARK [3][-]{subsubsection.3.4.1.2}{Matches Overview}{subsection.3.4.1}% 23
\BOOKMARK [3][-]{subsubsection.3.4.1.3}{Match View}{subsection.3.4.1}% 24
\BOOKMARK [3][-]{subsubsection.3.4.1.4}{Dashboard}{subsection.3.4.1}% 25
\BOOKMARK [3][-]{subsubsection.3.4.1.5}{Prediction' }{subsection.3.4.1}% 26
\BOOKMARK [2][-]{subsection.3.4.2}{Non-functional Requirements}{section.3.4}% 27
\BOOKMARK [1][-]{section.3.5}{Overall Architecture}{chapter.3}% 28
\BOOKMARK [1][-]{section.3.6}{Project Plan}{chapter.3}% 29
\BOOKMARK [0][-]{chapter.4}{Application Prototype}{}% 30
\BOOKMARK [1][-]{section.4.1}{Mind Map}{chapter.4}% 31
\BOOKMARK [1][-]{section.4.2}{Competitors}{chapter.4}% 32
\BOOKMARK [1][-]{section.4.3}{Wireframes}{chapter.4}% 33
\BOOKMARK [1][-]{section.4.4}{Visual Design: Branding, icons, Font}{chapter.4}% 34
\BOOKMARK [1][-]{section.4.5}{Use Cases}{chapter.4}% 35
\BOOKMARK [1][-]{section.4.6}{Database Design}{chapter.4}% 36
\BOOKMARK [2][-]{subsection.4.6.1}{Database Schema}{section.4.6}% 37
\BOOKMARK [2][-]{subsection.4.6.2}{Database Class Diagram}{section.4.6}% 38
\BOOKMARK [0][-]{chapter.5}{Implementation}{}% 39
\BOOKMARK [1][-]{section.5.1}{Semantic HTML}{chapter.5}% 40
\BOOKMARK [1][-]{section.5.2}{Why Framework?}{chapter.5}% 41
\BOOKMARK [1][-]{section.5.3}{Flask}{chapter.5}% 42
\BOOKMARK [1][-]{section.5.4}{Macros}{chapter.5}% 43
\BOOKMARK [1][-]{section.5.5}{Performance}{chapter.5}% 44
\BOOKMARK [1][-]{section.5.6}{Git}{chapter.5}% 45
\BOOKMARK [1][-]{section.5.7}{Factory Pattern}{chapter.5}% 46
\BOOKMARK [1][-]{section.5.8}{Blueprints}{chapter.5}% 47
\BOOKMARK [1][-]{section.5.9}{Configuration}{chapter.5}% 48
\BOOKMARK [1][-]{section.5.10}{Database Migrations}{chapter.5}% 49
\BOOKMARK [1][-]{section.5.11}{RequireJS}{chapter.5}% 50
\BOOKMARK [1][-]{section.5.12}{Conclusions}{chapter.5}% 51
\BOOKMARK [0][-]{chapter.6}{Evaluation \046 Testing}{}% 52
\BOOKMARK [1][-]{section.6.1}{Conclusions}{chapter.6}% 53
\BOOKMARK [0][-]{chapter.7}{Conclusion}{}% 54
\BOOKMARK [1][-]{section.7.1}{Conclusions}{chapter.7}% 55
\BOOKMARK [1][-]{section.7.2}{Future Work}{chapter.7}% 56
\BOOKMARK [0][-]{chapter.8}{Using LaTeX}{}% 57
\BOOKMARK [1][-]{section.8.1}{Structure of this Template}{chapter.8}% 58
\BOOKMARK [1][-]{section.8.2}{Using Figures}{chapter.8}% 59
\BOOKMARK [1][-]{section.8.3}{Referencing}{chapter.8}% 60
\BOOKMARK [1][-]{section.8.4}{Citing Bibliographic References}{chapter.8}% 61
\BOOKMARK [2][-]{subsection.8.4.1}{Compiling a BibTeX Database}{section.8.4}% 62
\BOOKMARK [2][-]{subsection.8.4.2}{The Vancouver Bibliography Style}{section.8.4}% 63
\BOOKMARK [1][-]{section.8.5}{Working with Tables}{chapter.8}% 64
\BOOKMARK [1][-]{section.8.6}{Inserting an Algorithm}{chapter.8}% 65
\BOOKMARK [1][-]{section.8.7}{Inserting Program Code Samples}{chapter.8}% 66
\BOOKMARK [1][-]{section.8.8}{Working with Maths}{chapter.8}% 67
\BOOKMARK [1][-]{section.8.9}{Required Software}{chapter.8}% 68
\BOOKMARK [1][-]{section.8.10}{Working with Quotes}{chapter.8}% 69
\BOOKMARK [1][-]{section.8.11}{Further Information}{chapter.8}% 70
\BOOKMARK [1][-]{section.8.12}{Conclusion}{chapter.8}% 71
\BOOKMARK [0][-]{appendix.A}{Project Specification}{}% 72
\BOOKMARK [1][-]{section.A.1}{Functional Requirements}{appendix.A}% 73
\BOOKMARK [1][-]{section.A.2}{Non-Functional Requirements}{appendix.A}% 74
\BOOKMARK [0][-]{appendix.B}{Project Management}{}% 75
\BOOKMARK [0][-]{appendix.C}{Another Appendix}{}% 76
\BOOKMARK [0][-]{appendix.D}{Presentation Slides}{}% 77
\BOOKMARK [0][-]{appendix.E}{Project Log}{}% 78
